\BOOKMARK [0][-]{chapter.1}{Introducci\363n}{}% 1
\BOOKMARK [1][-]{section.1.1}{Motivaci\363n del trabajo}{chapter.1}% 2
\BOOKMARK [1][-]{section.1.2}{Objetivos}{chapter.1}% 3
\BOOKMARK [1][-]{section.1.3}{Estructura del trabajo}{chapter.1}% 4
\BOOKMARK [0][-]{chapter.2}{Metodolog\355a: Antecedentes y propuesta}{}% 5
\BOOKMARK [1][-]{section.2.1}{Definiciones b\341sicas}{chapter.2}% 6
\BOOKMARK [1][-]{section.2.2}{El problema de la m\351trica m\341s cercana}{chapter.2}% 7
\BOOKMARK [2][-]{subsection.2.2.1}{M\351todo propuesto}{section.2.2}% 8
\BOOKMARK [1][-]{section.2.3}{Cl\372ster o agrupamiento}{chapter.2}% 9
\BOOKMARK [2][-]{subsection.2.3.1}{Agrupamiento jer\341rquico}{section.2.3}% 10
\BOOKMARK [2][-]{subsection.2.3.2}{K-medias}{section.2.3}% 11
\BOOKMARK [2][-]{subsection.2.3.3}{K-medoides}{section.2.3}% 12
\BOOKMARK [1][-]{section.2.4}{Aditivo y ultram\351trico}{chapter.2}% 13
\BOOKMARK [1][-]{section.2.5}{Estudio de simulaci\363n}{chapter.2}% 14
\BOOKMARK [0][-]{chapter.3}{Ejemplos con conjuntos de datos reales}{}% 15
\BOOKMARK [1][-]{section.3.1}{MNIST}{chapter.3}% 16
\BOOKMARK [1][-]{section.3.2}{DIAMONDS}{chapter.3}% 17
\BOOKMARK [0][-]{chapter.4}{Conclusiones y extensiones}{}% 18
\BOOKMARK [1][-]{section.4.1}{Conclusiones}{chapter.4}% 19
\BOOKMARK [1][-]{section.4.2}{L\355neas futuras de trabajo}{chapter.4}% 20
\BOOKMARK [0][-]{chapter.5}{Ap\351ndice: Calendario del trabajo fin de m\341ster}{}% 21
